<?xml version="1.0" encoding="UTF-8"?>
<!-- Generated by org.testng.reporters.JUnitReportReporter -->
<testsuite hostname="Admins-MacBook-Pro.local" failures="0" tests="1" name="TestCases.MainTestCase" time="13.332" errors="0" timestamp="20 Oct 2022 05:09:19 GMT">
  <testcase classname="TestCases.MainTestCase" name="yourAccount" time="13.332"/>
</testsuite> <!-- TestCases.MainTestCase -->
